<?xml version="1.0" encoding="UTF-8"?>
<testng-results ignored="0" total="1" passed="1" failed="0" skipped="0">
  <reporter-output>
  </reporter-output>
  <suite started-at="2021-02-04T21:32:56 CET" name="Default suite" finished-at="2021-02-04T21:33:01 CET" duration-ms="4845">
    <groups>
    </groups>
    <test started-at="2021-02-04T21:32:56 CET" name="Default test" finished-at="2021-02-04T21:33:01 CET" duration-ms="4845">
      <class name="tests.DemoTest">
        <test-method signature="demoTest()[pri:0, instance:tests.DemoTest@124c278f]" started-at="2021-02-04T21:32:56 CET" name="demoTest" finished-at="2021-02-04T21:33:01 CET" duration-ms="4810" status="PASS">
          <reporter-output>
          </reporter-output>
        </test-method> <!-- demoTest -->
      </class> <!-- tests.DemoTest -->
    </test> <!-- Default test -->
  </suite> <!-- Default suite -->
</testng-results>
